<?xml version="1.0" encoding="UTF-8"?>
<!-- Generated by org.testng.reporters.JUnitReportReporter -->
<testsuite hostname="SL1-L0016" failures="0" tests="1" name="Tests.BaseClass" time="0.007" errors="0" timestamp="19 Sep 2021 08:12:41 GMT" skipped="0">
  <testcase classname="Tests.BaseClass" name="sampleTest" time="0.007"/>
</testsuite> <!-- Tests.BaseClass -->
